[0.142s] DEBUG:colcon:Command line arguments: ['/usr/bin/colcon', 'build']
[0.142s] DEBUG:colcon:Parsed command line arguments: Namespace(log_base=None, log_level=None, verb_name='build', build_base='build', install_base='install', merge_install=False, symlink_install=False, test_result_base=None, continue_on_error=False, executor='parallel', parallel_workers=4, event_handlers=None, ignore_user_meta=False, metas=['./colcon.meta'], base_paths=['.'], packages_ignore=None, packages_ignore_regex=None, paths=None, packages_up_to=None, packages_up_to_regex=None, packages_above=None, packages_above_and_dependencies=None, packages_above_depth=None, packages_select_by_dep=None, packages_skip_by_dep=None, packages_skip_up_to=None, packages_select_build_failed=False, packages_skip_build_finished=False, packages_select_test_failures=False, packages_skip_test_passed=False, packages_select=None, packages_skip=None, packages_select_regex=None, packages_skip_regex=None, packages_start=None, packages_end=None, allow_overriding=[], cmake_args=None, cmake_target=None, cmake_target_skip_unavailable=False, cmake_clean_cache=False, cmake_clean_first=False, cmake_force_configure=False, ament_cmake_args=None, catkin_cmake_args=None, catkin_skip_building_tests=False, mixin_files=None, mixin=None, verb_parser=<colcon_mixin.mixin.mixin_argument.MixinArgumentDecorator object at 0x7d62eef779e0>, verb_extension=<colcon_core.verb.build.BuildVerb object at 0x7d62ef0a68a0>, main=<bound method BuildVerb.main of <colcon_core.verb.build.BuildVerb object at 0x7d62ef0a68a0>>, mixin_verb=('build',))
[0.192s] Level 1:colcon.colcon_core.package_discovery:discover_packages(colcon_meta) check parameters
[0.193s] Level 1:colcon.colcon_core.package_discovery:discover_packages(recursive) check parameters
[0.193s] Level 1:colcon.colcon_core.package_discovery:discover_packages(ignore) check parameters
[0.193s] Level 1:colcon.colcon_core.package_discovery:discover_packages(path) check parameters
[0.193s] Level 1:colcon.colcon_core.package_discovery:discover_packages(colcon_meta) discover
[0.193s] Level 1:colcon.colcon_core.package_discovery:discover_packages(recursive) discover
[0.193s] INFO:colcon.colcon_core.package_discovery:Crawling recursively for packages in '/home/pops/new_ws/src/wheelchair_simv2'
[0.193s] Level 1:colcon.colcon_core.package_identification:_identify(.) by extensions ['ignore', 'ignore_ament_install']
[0.193s] Level 1:colcon.colcon_core.package_identification:_identify(.) by extension 'ignore'
[0.193s] Level 1:colcon.colcon_core.package_identification:_identify(.) by extension 'ignore_ament_install'
[0.193s] Level 1:colcon.colcon_core.package_identification:_identify(.) by extensions ['colcon_pkg']
[0.193s] Level 1:colcon.colcon_core.package_identification:_identify(.) by extension 'colcon_pkg'
[0.193s] Level 1:colcon.colcon_core.package_identification:_identify(.) by extensions ['colcon_meta']
[0.193s] Level 1:colcon.colcon_core.package_identification:_identify(.) by extension 'colcon_meta'
[0.193s] Level 1:colcon.colcon_core.package_identification:_identify(.) by extensions ['ros']
[0.194s] Level 1:colcon.colcon_core.package_identification:_identify(.) by extension 'ros'
[0.230s] DEBUG:colcon.colcon_core.package_identification:Package '.' with type 'ros.ament_python' and name 'wheelchair_simv2'
[0.230s] Level 1:colcon.colcon_core.package_discovery:discover_packages(recursive) using defaults
[0.230s] Level 1:colcon.colcon_core.package_discovery:discover_packages(ignore) discover
[0.230s] Level 1:colcon.colcon_core.package_discovery:discover_packages(ignore) using defaults
[0.230s] Level 1:colcon.colcon_core.package_discovery:discover_packages(path) discover
[0.230s] Level 1:colcon.colcon_core.package_discovery:discover_packages(path) using defaults
[0.251s] Level 1:colcon.colcon_core.package_discovery:discover_packages(prefix_path) check parameters
[0.251s] Level 1:colcon.colcon_core.package_discovery:discover_packages(prefix_path) discover
[0.253s] DEBUG:colcon.colcon_installed_package_information.package_discovery:Found 1 installed packages in /home/pops/ros2_ws/install
[0.255s] DEBUG:colcon.colcon_installed_package_information.package_discovery:Found 286 installed packages in /opt/ros/jazzy
[0.256s] Level 1:colcon.colcon_core.package_discovery:discover_packages(prefix_path) using defaults
[0.313s] Level 5:colcon.colcon_core.verb:set package 'wheelchair_simv2' build argument 'cmake_args' from command line to 'None'
[0.313s] Level 5:colcon.colcon_core.verb:set package 'wheelchair_simv2' build argument 'cmake_target' from command line to 'None'
[0.314s] Level 5:colcon.colcon_core.verb:set package 'wheelchair_simv2' build argument 'cmake_target_skip_unavailable' from command line to 'False'
[0.314s] Level 5:colcon.colcon_core.verb:set package 'wheelchair_simv2' build argument 'cmake_clean_cache' from command line to 'False'
[0.314s] Level 5:colcon.colcon_core.verb:set package 'wheelchair_simv2' build argument 'cmake_clean_first' from command line to 'False'
[0.314s] Level 5:colcon.colcon_core.verb:set package 'wheelchair_simv2' build argument 'cmake_force_configure' from command line to 'False'
[0.314s] Level 5:colcon.colcon_core.verb:set package 'wheelchair_simv2' build argument 'ament_cmake_args' from command line to 'None'
[0.314s] Level 5:colcon.colcon_core.verb:set package 'wheelchair_simv2' build argument 'catkin_cmake_args' from command line to 'None'
[0.314s] Level 5:colcon.colcon_core.verb:set package 'wheelchair_simv2' build argument 'catkin_skip_building_tests' from command line to 'False'
[0.314s] DEBUG:colcon.colcon_core.verb:Building package 'wheelchair_simv2' with the following arguments: {'ament_cmake_args': None, 'build_base': '/home/pops/new_ws/src/wheelchair_simv2/build/wheelchair_simv2', 'catkin_cmake_args': None, 'catkin_skip_building_tests': False, 'cmake_args': None, 'cmake_clean_cache': False, 'cmake_clean_first': False, 'cmake_force_configure': False, 'cmake_target': None, 'cmake_target_skip_unavailable': False, 'install_base': '/home/pops/new_ws/src/wheelchair_simv2/install/wheelchair_simv2', 'merge_install': False, 'path': '/home/pops/new_ws/src/wheelchair_simv2', 'symlink_install': False, 'test_result_base': None}
[0.314s] INFO:colcon.colcon_core.executor:Executing jobs using 'parallel' executor
[0.315s] DEBUG:colcon.colcon_parallel_executor.executor.parallel:run_until_complete
[0.316s] INFO:colcon.colcon_ros.task.ament_python.build:Building ROS package in '/home/pops/new_ws/src/wheelchair_simv2' with build type 'ament_python'
[0.316s] Level 1:colcon.colcon_core.shell:create_environment_hook('wheelchair_simv2', 'ament_prefix_path')
[0.319s] INFO:colcon.colcon_core.plugin_system:Skipping extension 'colcon_core.shell.bat': Not used on non-Windows systems
[0.320s] INFO:colcon.colcon_core.shell:Creating environment hook '/home/pops/new_ws/src/wheelchair_simv2/install/wheelchair_simv2/share/wheelchair_simv2/hook/ament_prefix_path.ps1'
[0.322s] INFO:colcon.colcon_core.shell:Creating environment descriptor '/home/pops/new_ws/src/wheelchair_simv2/install/wheelchair_simv2/share/wheelchair_simv2/hook/ament_prefix_path.dsv'
[0.323s] INFO:colcon.colcon_core.shell:Creating environment hook '/home/pops/new_ws/src/wheelchair_simv2/install/wheelchair_simv2/share/wheelchair_simv2/hook/ament_prefix_path.sh'
[0.324s] INFO:colcon.colcon_core.shell:Skip shell extension 'powershell' for command environment: Not usable outside of PowerShell
[0.325s] DEBUG:colcon.colcon_core.shell:Skip shell extension 'dsv' for command environment
[0.618s] INFO:colcon.colcon_core.task.python.build:Building Python package in '/home/pops/new_ws/src/wheelchair_simv2'
[0.618s] INFO:colcon.colcon_core.shell:Skip shell extension 'powershell' for command environment: Not usable outside of PowerShell
[0.618s] DEBUG:colcon.colcon_core.shell:Skip shell extension 'dsv' for command environment
[1.455s] DEBUG:colcon.colcon_core.event_handler.log_command:Invoking command in '/home/pops/new_ws/src/wheelchair_simv2': DEBUGINFOD_URLS=https://debuginfod.ubuntu.com PYTHONPATH=/home/pops/new_ws/src/wheelchair_simv2/build/wheelchair_simv2/prefix_override:/usr/lib/python3/dist-packages/colcon_core/task/python/colcon_distutils_commands:/home/pops/new_ws/src/wheelchair_simv2/install/wheelchair_simv2/lib/python3.12/site-packages:${PYTHONPATH} /usr/bin/python3 -W ignore:setup.py install is deprecated setup.py egg_info --egg-base build/wheelchair_simv2 build --build-base /home/pops/new_ws/src/wheelchair_simv2/build/wheelchair_simv2/build install --record /home/pops/new_ws/src/wheelchair_simv2/build/wheelchair_simv2/install.log --single-version-externally-managed install_data
[2.229s] DEBUG:colcon.colcon_core.event_handler.log_command:Invoked command in '/home/pops/new_ws/src/wheelchair_simv2' returned '0': DEBUGINFOD_URLS=https://debuginfod.ubuntu.com PYTHONPATH=/home/pops/new_ws/src/wheelchair_simv2/build/wheelchair_simv2/prefix_override:/usr/lib/python3/dist-packages/colcon_core/task/python/colcon_distutils_commands:/home/pops/new_ws/src/wheelchair_simv2/install/wheelchair_simv2/lib/python3.12/site-packages:${PYTHONPATH} /usr/bin/python3 -W ignore:setup.py install is deprecated setup.py egg_info --egg-base build/wheelchair_simv2 build --build-base /home/pops/new_ws/src/wheelchair_simv2/build/wheelchair_simv2/build install --record /home/pops/new_ws/src/wheelchair_simv2/build/wheelchair_simv2/install.log --single-version-externally-managed install_data
[2.232s] Level 1:colcon.colcon_core.environment:checking '/home/pops/new_ws/src/wheelchair_simv2/install/wheelchair_simv2' for CMake module files
[2.232s] Level 1:colcon.colcon_core.environment:checking '/home/pops/new_ws/src/wheelchair_simv2/install/wheelchair_simv2' for CMake config files
[2.233s] Level 1:colcon.colcon_core.environment:checking '/home/pops/new_ws/src/wheelchair_simv2/install/wheelchair_simv2/lib'
[2.233s] Level 1:colcon.colcon_core.environment:checking '/home/pops/new_ws/src/wheelchair_simv2/install/wheelchair_simv2/bin'
[2.233s] Level 1:colcon.colcon_core.environment:checking '/home/pops/new_ws/src/wheelchair_simv2/install/wheelchair_simv2/lib/pkgconfig/wheelchair_simv2.pc'
[2.234s] Level 1:colcon.colcon_core.environment:checking '/home/pops/new_ws/src/wheelchair_simv2/install/wheelchair_simv2/lib/python3.12/site-packages'
[2.234s] Level 1:colcon.colcon_core.shell:create_environment_hook('wheelchair_simv2', 'pythonpath')
[2.234s] INFO:colcon.colcon_core.shell:Creating environment hook '/home/pops/new_ws/src/wheelchair_simv2/install/wheelchair_simv2/share/wheelchair_simv2/hook/pythonpath.ps1'
[2.235s] INFO:colcon.colcon_core.shell:Creating environment descriptor '/home/pops/new_ws/src/wheelchair_simv2/install/wheelchair_simv2/share/wheelchair_simv2/hook/pythonpath.dsv'
[2.235s] INFO:colcon.colcon_core.shell:Creating environment hook '/home/pops/new_ws/src/wheelchair_simv2/install/wheelchair_simv2/share/wheelchair_simv2/hook/pythonpath.sh'
[2.236s] Level 1:colcon.colcon_core.environment:checking '/home/pops/new_ws/src/wheelchair_simv2/install/wheelchair_simv2/bin'
[2.236s] Level 1:colcon.colcon_core.environment:create_environment_scripts_only(wheelchair_simv2)
[2.236s] INFO:colcon.colcon_core.shell:Creating package script '/home/pops/new_ws/src/wheelchair_simv2/install/wheelchair_simv2/share/wheelchair_simv2/package.ps1'
[2.237s] INFO:colcon.colcon_core.shell:Creating package descriptor '/home/pops/new_ws/src/wheelchair_simv2/install/wheelchair_simv2/share/wheelchair_simv2/package.dsv'
[2.238s] INFO:colcon.colcon_core.shell:Creating package script '/home/pops/new_ws/src/wheelchair_simv2/install/wheelchair_simv2/share/wheelchair_simv2/package.sh'
[2.239s] INFO:colcon.colcon_core.shell:Creating package script '/home/pops/new_ws/src/wheelchair_simv2/install/wheelchair_simv2/share/wheelchair_simv2/package.bash'
[2.240s] INFO:colcon.colcon_core.shell:Creating package script '/home/pops/new_ws/src/wheelchair_simv2/install/wheelchair_simv2/share/wheelchair_simv2/package.zsh'
[2.240s] Level 1:colcon.colcon_core.environment:create_file_with_runtime_dependencies(/home/pops/new_ws/src/wheelchair_simv2/install/wheelchair_simv2/share/colcon-core/packages/wheelchair_simv2)
[2.241s] DEBUG:colcon.colcon_parallel_executor.executor.parallel:closing loop
[2.241s] DEBUG:colcon.colcon_parallel_executor.executor.parallel:loop closed
[2.242s] DEBUG:colcon.colcon_parallel_executor.executor.parallel:run_until_complete finished with '0'
[2.242s] DEBUG:colcon.colcon_core.event_reactor:joining thread
[2.250s] INFO:colcon.colcon_core.plugin_system:Skipping extension 'colcon_notification.desktop_notification.terminal_notifier': Not used on non-Darwin systems
[2.250s] INFO:colcon.colcon_core.plugin_system:Skipping extension 'colcon_notification.desktop_notification.win32': Not used on non-Windows systems
[2.250s] INFO:colcon.colcon_notification.desktop_notification:Sending desktop notification using 'notify2'
[2.264s] DEBUG:colcon.colcon_core.event_reactor:joined thread
[2.265s] INFO:colcon.colcon_core.shell:Creating prefix script '/home/pops/new_ws/src/wheelchair_simv2/install/local_setup.ps1'
[2.266s] INFO:colcon.colcon_core.shell:Creating prefix util module '/home/pops/new_ws/src/wheelchair_simv2/install/_local_setup_util_ps1.py'
[2.268s] INFO:colcon.colcon_core.shell:Creating prefix chain script '/home/pops/new_ws/src/wheelchair_simv2/install/setup.ps1'
[2.271s] INFO:colcon.colcon_core.shell:Creating prefix script '/home/pops/new_ws/src/wheelchair_simv2/install/local_setup.sh'
[2.272s] INFO:colcon.colcon_core.shell:Creating prefix util module '/home/pops/new_ws/src/wheelchair_simv2/install/_local_setup_util_sh.py'
[2.274s] INFO:colcon.colcon_core.shell:Creating prefix chain script '/home/pops/new_ws/src/wheelchair_simv2/install/setup.sh'
[2.276s] INFO:colcon.colcon_core.shell:Creating prefix script '/home/pops/new_ws/src/wheelchair_simv2/install/local_setup.bash'
[2.276s] INFO:colcon.colcon_core.shell:Creating prefix chain script '/home/pops/new_ws/src/wheelchair_simv2/install/setup.bash'
[2.278s] INFO:colcon.colcon_core.shell:Creating prefix script '/home/pops/new_ws/src/wheelchair_simv2/install/local_setup.zsh'
[2.279s] INFO:colcon.colcon_core.shell:Creating prefix chain script '/home/pops/new_ws/src/wheelchair_simv2/install/setup.zsh'
