[1.116s] Invoking command in '/home/pops/new_ws/src/wheelchair_simv2': DEBUGINFOD_URLS=https://debuginfod.ubuntu.com PYTHONPATH=/home/pops/new_ws/build/wheelchair_simv2/prefix_override:/usr/lib/python3/dist-packages/colcon_core/task/python/colcon_distutils_commands:/home/pops/new_ws/install/wheelchair_simv2/lib/python3.12/site-packages:${PYTHONPATH} /usr/bin/python3 -W ignore:setup.py install is deprecated setup.py egg_info --egg-base ../../build/wheelchair_simv2 build --build-base /home/pops/new_ws/build/wheelchair_simv2/build install --record /home/pops/new_ws/build/wheelchair_simv2/install.log --single-version-externally-managed install_data
[1.485s] running egg_info
[1.513s] writing ../../build/wheelchair_simv2/wheelchair_simv2.egg-info/PKG-INFO
[1.513s] writing dependency_links to ../../build/wheelchair_simv2/wheelchair_simv2.egg-info/dependency_links.txt
[1.514s] writing requirements to ../../build/wheelchair_simv2/wheelchair_simv2.egg-info/requires.txt
[1.514s] writing top-level names to ../../build/wheelchair_simv2/wheelchair_simv2.egg-info/top_level.txt
[1.570s] reading manifest file '../../build/wheelchair_simv2/wheelchair_simv2.egg-info/SOURCES.txt'
[1.571s] writing manifest file '../../build/wheelchair_simv2/wheelchair_simv2.egg-info/SOURCES.txt'
[1.571s] running build
[1.572s] running build_py
[1.572s] running install
[1.580s] running install_lib
[1.609s] running install_data
[1.609s] copying launch/display.launch.py -> /home/pops/new_ws/install/wheelchair_simv2/share/wheelchair_simv2/launch
[1.609s] running install_egg_info
[1.638s] removing '/home/pops/new_ws/install/wheelchair_simv2/lib/python3.12/site-packages/wheelchair_simv2-0.0.0-py3.12.egg-info' (and everything under it)
[1.638s] Copying ../../build/wheelchair_simv2/wheelchair_simv2.egg-info to /home/pops/new_ws/install/wheelchair_simv2/lib/python3.12/site-packages/wheelchair_simv2-0.0.0-py3.12.egg-info
[1.639s] running install_scripts
[1.826s] writing list of installed files to '/home/pops/new_ws/build/wheelchair_simv2/install.log'
[1.863s] Invoked command in '/home/pops/new_ws/src/wheelchair_simv2' returned '0': DEBUGINFOD_URLS=https://debuginfod.ubuntu.com PYTHONPATH=/home/pops/new_ws/build/wheelchair_simv2/prefix_override:/usr/lib/python3/dist-packages/colcon_core/task/python/colcon_distutils_commands:/home/pops/new_ws/install/wheelchair_simv2/lib/python3.12/site-packages:${PYTHONPATH} /usr/bin/python3 -W ignore:setup.py install is deprecated setup.py egg_info --egg-base ../../build/wheelchair_simv2 build --build-base /home/pops/new_ws/build/wheelchair_simv2/build install --record /home/pops/new_ws/build/wheelchair_simv2/install.log --single-version-externally-managed install_data
