[1.175s] Invoking command in '/home/pops/new_ws/src/wheelchair_simv2': DEBUGINFOD_URLS=https://debuginfod.ubuntu.com PYTHONPATH=/home/pops/new_ws/build/wheelchair_simv2/prefix_override:/usr/lib/python3/dist-packages/colcon_core/task/python/colcon_distutils_commands:/home/pops/new_ws/install/wheelchair_simv2/lib/python3.12/site-packages:${PYTHONPATH} /usr/bin/python3 -W ignore:setup.py install is deprecated setup.py egg_info --egg-base ../../build/wheelchair_simv2 build --build-base /home/pops/new_ws/build/wheelchair_simv2/build install --record /home/pops/new_ws/build/wheelchair_simv2/install.log --single-version-externally-managed install_data
[1.593s] running egg_info
[1.593s] creating ../../build/wheelchair_simv2/wheelchair_simv2.egg-info
[1.634s] writing ../../build/wheelchair_simv2/wheelchair_simv2.egg-info/PKG-INFO
[1.635s] writing dependency_links to ../../build/wheelchair_simv2/wheelchair_simv2.egg-info/dependency_links.txt
[1.635s] writing requirements to ../../build/wheelchair_simv2/wheelchair_simv2.egg-info/requires.txt
[1.636s] writing top-level names to ../../build/wheelchair_simv2/wheelchair_simv2.egg-info/top_level.txt
[1.636s] writing manifest file '../../build/wheelchair_simv2/wheelchair_simv2.egg-info/SOURCES.txt'
[1.704s] reading manifest file '../../build/wheelchair_simv2/wheelchair_simv2.egg-info/SOURCES.txt'
[1.706s] writing manifest file '../../build/wheelchair_simv2/wheelchair_simv2.egg-info/SOURCES.txt'
[1.706s] running build
[1.706s] running build_py
[1.707s] creating /home/pops/new_ws/build/wheelchair_simv2/build
[1.707s] creating /home/pops/new_ws/build/wheelchair_simv2/build/lib
[1.707s] creating /home/pops/new_ws/build/wheelchair_simv2/build/lib/wheelchair_simv2
[1.707s] copying wheelchair_simv2/__init__.py -> /home/pops/new_ws/build/wheelchair_simv2/build/lib/wheelchair_simv2
[1.707s] running install
[1.716s] running install_lib
[1.745s] creating /home/pops/new_ws/install/wheelchair_simv2/lib/python3.12/site-packages/wheelchair_simv2
[1.745s] copying /home/pops/new_ws/build/wheelchair_simv2/build/lib/wheelchair_simv2/__init__.py -> /home/pops/new_ws/install/wheelchair_simv2/lib/python3.12/site-packages/wheelchair_simv2
[1.746s] byte-compiling /home/pops/new_ws/install/wheelchair_simv2/lib/python3.12/site-packages/wheelchair_simv2/__init__.py to __init__.cpython-312.pyc
[1.746s] running install_data
[1.746s] creating /home/pops/new_ws/install/wheelchair_simv2/share/ament_index
[1.747s] creating /home/pops/new_ws/install/wheelchair_simv2/share/ament_index/resource_index
[1.747s] creating /home/pops/new_ws/install/wheelchair_simv2/share/ament_index/resource_index/packages
[1.747s] copying resource/wheelchair_simv2 -> /home/pops/new_ws/install/wheelchair_simv2/share/ament_index/resource_index/packages
[1.747s] copying package.xml -> /home/pops/new_ws/install/wheelchair_simv2/share/wheelchair_simv2
[1.748s] creating /home/pops/new_ws/install/wheelchair_simv2/share/wheelchair_simv2/urdf
[1.748s] copying urdf/wheelchair.xacro -> /home/pops/new_ws/install/wheelchair_simv2/share/wheelchair_simv2/urdf
[1.748s] creating /home/pops/new_ws/install/wheelchair_simv2/share/wheelchair_simv2/launch
[1.748s] copying launch/display.launch.py -> /home/pops/new_ws/install/wheelchair_simv2/share/wheelchair_simv2/launch
[1.748s] running install_egg_info
[1.780s] Copying ../../build/wheelchair_simv2/wheelchair_simv2.egg-info to /home/pops/new_ws/install/wheelchair_simv2/lib/python3.12/site-packages/wheelchair_simv2-0.0.0-py3.12.egg-info
[1.781s] running install_scripts
[1.970s] writing list of installed files to '/home/pops/new_ws/build/wheelchair_simv2/install.log'
[2.008s] Invoked command in '/home/pops/new_ws/src/wheelchair_simv2' returned '0': DEBUGINFOD_URLS=https://debuginfod.ubuntu.com PYTHONPATH=/home/pops/new_ws/build/wheelchair_simv2/prefix_override:/usr/lib/python3/dist-packages/colcon_core/task/python/colcon_distutils_commands:/home/pops/new_ws/install/wheelchair_simv2/lib/python3.12/site-packages:${PYTHONPATH} /usr/bin/python3 -W ignore:setup.py install is deprecated setup.py egg_info --egg-base ../../build/wheelchair_simv2 build --build-base /home/pops/new_ws/build/wheelchair_simv2/build install --record /home/pops/new_ws/build/wheelchair_simv2/install.log --single-version-externally-managed install_data
