Traceback (most recent call last):
  File "/home/pops/new_ws/src/wheelchair_simv2/setup.py", line 5, in <module>
    setup(
  File "/usr/lib/python3/dist-packages/setuptools/__init__.py", line 107, in setup
    return distutils.core.setup(**attrs)
  File "/usr/lib/python3/dist-packages/setuptools/_distutils/core.py", line 185, in setup
    return run_commands(dist)
  File "/usr/lib/python3/dist-packages/setuptools/_distutils/core.py", line 201, in run_commands
    dist.run_commands()
  File "/usr/lib/python3/dist-packages/setuptools/_distutils/dist.py", line 969, in run_commands
    self.run_command(cmd)
  File "/usr/lib/python3/dist-packages/setuptools/dist.py", line 1233, in run_command
    super().run_command(command)
  File "/usr/lib/python3/dist-packages/setuptools/_distutils/dist.py", line 988, in run_command
    cmd_obj.run()
  File "/usr/lib/python3/dist-packages/setuptools/command/install.py", line 78, in run
    return orig.install.run(self)
  File "/usr/lib/python3/dist-packages/setuptools/_distutils/command/install.py", line 708, in run
    self.run_command(cmd_name)
  File "/usr/lib/python3/dist-packages/setuptools/_distutils/cmd.py", line 318, in run_command
    self.distribution.run_command(command)
  File "/usr/lib/python3/dist-packages/setuptools/dist.py", line 1233, in run_command
    super().run_command(command)
  File "/usr/lib/python3/dist-packages/setuptools/_distutils/dist.py", line 987, in run_command
    cmd_obj.ensure_finalized()
  File "/usr/lib/python3/dist-packages/setuptools/_distutils/cmd.py", line 111, in ensure_finalized
    self.finalize_options()
  File "/usr/lib/python3/dist-packages/setuptools/command/install_lib.py", line 17, in finalize_options
    self.set_undefined_options('install',('install_layout','install_layout'))
  File "/usr/lib/python3/dist-packages/setuptools/_distutils/cmd.py", line 296, in set_undefined_options
    setattr(self, dst_option, getattr(src_cmd_obj, src_option))
  File "/usr/lib/python3/dist-packages/setuptools/_distutils/cmd.py", line 107, in __getattr__
    raise AttributeError(attr)
AttributeError: install_layout. Did you mean: 'install_platlib'?
