[12.763s] DEBUG:colcon:Command line arguments: ['/usr/bin/colcon', 'list', '-p', '--base-paths', '/home/pops/new_ws']
[12.764s] DEBUG:colcon:Parsed command line arguments: Namespace(log_base=None, log_level=None, verb_name='list', build_base='build', ignore_user_meta=False, metas=['./colcon.meta'], base_paths=['/home/pops/new_ws'], packages_ignore=None, packages_ignore_regex=None, paths=None, packages_up_to=None, packages_up_to_regex=None, packages_above=None, packages_above_and_dependencies=None, packages_above_depth=None, packages_select_by_dep=None, packages_skip_by_dep=None, packages_skip_up_to=None, packages_select_build_failed=False, packages_skip_build_finished=False, packages_select_test_failures=False, packages_skip_test_passed=False, packages_select=None, packages_skip=None, packages_select_regex=None, packages_skip_regex=None, packages_start=None, packages_end=None, allow_overriding=[], topological_order=False, names_only=False, paths_only=True, topological_graph=False, topological_graph_dot=False, topological_graph_density=False, topological_graph_legend=False, topological_graph_dot_cluster=False, topological_graph_dot_include_skipped=False, mixin_files=None, mixin=None, verb_parser=<colcon_mixin.mixin.mixin_argument.MixinArgumentDecorator object at 0x7d6f79794c80>, verb_extension=<colcon_package_information.verb.list.ListVerb object at 0x7d6f7976bb90>, main=<bound method ListVerb.main of <colcon_package_information.verb.list.ListVerb object at 0x7d6f7976bb90>>, mixin_verb=('list',))
[12.869s] Level 1:colcon.colcon_core.package_discovery:discover_packages(colcon_meta) check parameters
[12.869s] Level 1:colcon.colcon_core.package_discovery:discover_packages(recursive) check parameters
[12.869s] Level 1:colcon.colcon_core.package_discovery:discover_packages(ignore) check parameters
[12.869s] Level 1:colcon.colcon_core.package_discovery:discover_packages(path) check parameters
[12.869s] Level 1:colcon.colcon_core.package_discovery:discover_packages(recursive) discover
[12.869s] INFO:colcon.colcon_core.package_discovery:Crawling recursively for packages in '/home/pops/new_ws'
[12.870s] Level 1:colcon.colcon_core.package_identification:_identify(/home/pops/new_ws) by extensions ['ignore', 'ignore_ament_install']
[12.870s] Level 1:colcon.colcon_core.package_identification:_identify(/home/pops/new_ws) by extension 'ignore'
[12.870s] Level 1:colcon.colcon_core.package_identification:_identify(/home/pops/new_ws) by extension 'ignore_ament_install'
[12.870s] Level 1:colcon.colcon_core.package_identification:_identify(/home/pops/new_ws) by extensions ['colcon_pkg']
[12.870s] Level 1:colcon.colcon_core.package_identification:_identify(/home/pops/new_ws) by extension 'colcon_pkg'
[12.870s] Level 1:colcon.colcon_core.package_identification:_identify(/home/pops/new_ws) by extensions ['colcon_meta']
[12.871s] Level 1:colcon.colcon_core.package_identification:_identify(/home/pops/new_ws) by extension 'colcon_meta'
[12.871s] Level 1:colcon.colcon_core.package_identification:_identify(/home/pops/new_ws) by extensions ['ros']
[12.871s] Level 1:colcon.colcon_core.package_identification:_identify(/home/pops/new_ws) by extension 'ros'
[12.943s] Level 1:colcon.colcon_core.package_identification:_identify(/home/pops/new_ws) by extensions ['cmake', 'python']
[12.943s] Level 1:colcon.colcon_core.package_identification:_identify(/home/pops/new_ws) by extension 'cmake'
[12.943s] Level 1:colcon.colcon_core.package_identification:_identify(/home/pops/new_ws) by extension 'python'
[12.943s] Level 1:colcon.colcon_core.package_identification:_identify(/home/pops/new_ws) by extensions ['python_setup_py']
[12.943s] Level 1:colcon.colcon_core.package_identification:_identify(/home/pops/new_ws) by extension 'python_setup_py'
[12.943s] Level 1:colcon.colcon_core.package_identification:_identify(/home/pops/new_ws/build) by extensions ['ignore', 'ignore_ament_install']
[12.944s] Level 1:colcon.colcon_core.package_identification:_identify(/home/pops/new_ws/build) by extension 'ignore'
[12.944s] Level 1:colcon.colcon_core.package_identification:_identify(/home/pops/new_ws/build) ignored
[12.944s] Level 1:colcon.colcon_core.package_identification:_identify(/home/pops/new_ws/install) by extensions ['ignore', 'ignore_ament_install']
[12.944s] Level 1:colcon.colcon_core.package_identification:_identify(/home/pops/new_ws/install) by extension 'ignore'
[12.944s] Level 1:colcon.colcon_core.package_identification:_identify(/home/pops/new_ws/install) ignored
[12.945s] Level 1:colcon.colcon_core.package_identification:_identify(/home/pops/new_ws/log) by extensions ['ignore', 'ignore_ament_install']
[12.945s] Level 1:colcon.colcon_core.package_identification:_identify(/home/pops/new_ws/log) by extension 'ignore'
[12.945s] Level 1:colcon.colcon_core.package_identification:_identify(/home/pops/new_ws/log) ignored
[12.945s] Level 1:colcon.colcon_core.package_identification:_identify(/home/pops/new_ws/src) by extensions ['ignore', 'ignore_ament_install']
[12.946s] Level 1:colcon.colcon_core.package_identification:_identify(/home/pops/new_ws/src) by extension 'ignore'
[12.946s] Level 1:colcon.colcon_core.package_identification:_identify(/home/pops/new_ws/src) by extension 'ignore_ament_install'
[12.946s] Level 1:colcon.colcon_core.package_identification:_identify(/home/pops/new_ws/src) by extensions ['colcon_pkg']
[12.946s] Level 1:colcon.colcon_core.package_identification:_identify(/home/pops/new_ws/src) by extension 'colcon_pkg'
[12.946s] Level 1:colcon.colcon_core.package_identification:_identify(/home/pops/new_ws/src) by extensions ['colcon_meta']
[12.946s] Level 1:colcon.colcon_core.package_identification:_identify(/home/pops/new_ws/src) by extension 'colcon_meta'
[12.946s] Level 1:colcon.colcon_core.package_identification:_identify(/home/pops/new_ws/src) by extensions ['ros']
[12.946s] Level 1:colcon.colcon_core.package_identification:_identify(/home/pops/new_ws/src) by extension 'ros'
[12.947s] Level 1:colcon.colcon_core.package_identification:_identify(/home/pops/new_ws/src) by extensions ['cmake', 'python']
[12.947s] Level 1:colcon.colcon_core.package_identification:_identify(/home/pops/new_ws/src) by extension 'cmake'
[12.947s] Level 1:colcon.colcon_core.package_identification:_identify(/home/pops/new_ws/src) by extension 'python'
[12.947s] Level 1:colcon.colcon_core.package_identification:_identify(/home/pops/new_ws/src) by extensions ['python_setup_py']
[12.947s] Level 1:colcon.colcon_core.package_identification:_identify(/home/pops/new_ws/src) by extension 'python_setup_py'
[12.947s] Level 1:colcon.colcon_core.package_identification:_identify(/home/pops/new_ws/src/wheelchair_simv2) by extensions ['ignore', 'ignore_ament_install']
[12.947s] Level 1:colcon.colcon_core.package_identification:_identify(/home/pops/new_ws/src/wheelchair_simv2) by extension 'ignore'
[12.947s] Level 1:colcon.colcon_core.package_identification:_identify(/home/pops/new_ws/src/wheelchair_simv2) by extension 'ignore_ament_install'
[12.948s] Level 1:colcon.colcon_core.package_identification:_identify(/home/pops/new_ws/src/wheelchair_simv2) by extensions ['colcon_pkg']
[12.948s] Level 1:colcon.colcon_core.package_identification:_identify(/home/pops/new_ws/src/wheelchair_simv2) by extension 'colcon_pkg'
[12.948s] Level 1:colcon.colcon_core.package_identification:_identify(/home/pops/new_ws/src/wheelchair_simv2) by extensions ['colcon_meta']
[12.948s] Level 1:colcon.colcon_core.package_identification:_identify(/home/pops/new_ws/src/wheelchair_simv2) by extension 'colcon_meta'
[12.948s] Level 1:colcon.colcon_core.package_identification:_identify(/home/pops/new_ws/src/wheelchair_simv2) by extensions ['ros']
[12.948s] Level 1:colcon.colcon_core.package_identification:_identify(/home/pops/new_ws/src/wheelchair_simv2) by extension 'ros'
[12.954s] DEBUG:colcon.colcon_core.package_identification:Package '/home/pops/new_ws/src/wheelchair_simv2' with type 'ros.ament_python' and name 'wheelchair_simv2'
[12.954s] Level 1:colcon.colcon_core.package_discovery:discover_packages(recursive) using defaults
